<?xml version="1.0" encoding="UTF-8"?>
<!-- Generated by org.testng.reporters.JUnitXMLReporter -->
<testsuite hostname="Namratha-PC" ignored="0" name="Surefire test" tests="1" failures="1" timestamp="25 Sep 2020 16:05:14 GMT" time="42.902" errors="0">
  <testcase name="login" time="3.585" classname="com.qa.automate.healthcare.tests.LoginTest">
    <failure type="java.lang.NullPointerException">
      <![CDATA[java.lang.NullPointerException
at com.qa.automate.healthcare.pages.LoginPage.clickTravelLink(LoginPage.java:49)
at com.qa.automate.healthcare.tests.LoginTest.login(LoginTest.java:14)
... Removed 30 stack frames]]>
    </failure>
  </testcase> <!-- login -->
</testsuite> <!-- Surefire test -->
