<?xml version="1.0" encoding="UTF-8"?>
<!-- Generated by org.testng.reporters.JUnitXMLReporter -->
<testsuite hostname="Namratha-PC" ignored="0" name="Default test" tests="2" failures="0" timestamp="21 Oct 2020 04:28:00 GMT" time="59.711" errors="0">
  <testcase name="email" time="0.0" classname="com.qa.automate.healthcare.tests.RegisterTest">
    <skipped/>
  </testcase> <!-- email -->
  <testcase name="verifyEmailField" time="13.671" classname="com.qa.automate.healthcare.tests.RegisterTest"/>
</testsuite> <!-- Default test -->
