<?xml version="1.0" encoding="UTF-8"?>
<!-- Generated by org.testng.reporters.JUnitXMLReporter -->
<testsuite hostname="Namratha-PC" ignored="0" name="Test" tests="1" failures="1" timestamp="20 Oct 2020 14:24:11 GMT" time="35.032" errors="0">
  <testcase name="login" time="3.465" classname="com.qa.automate.healthcare.tests.LoginTest">
    <failure type="java.lang.NullPointerException">
      <![CDATA[java.lang.NullPointerException
at com.qa.automate.healthcare.pages.LoginPage.clickTravelLink(LoginPage.java:49)
at com.qa.automate.healthcare.tests.LoginTest.login(LoginTest.java:14)
... Removed 25 stack frames]]>
    </failure>
  </testcase> <!-- login -->
</testsuite> <!-- Test -->
