<?xml version="1.0" encoding="UTF-8"?>
<testsuite xmlns:xsi="http://www.w3.org/2001/XMLSchema-instance" xsi:noNamespaceSchemaLocation="https://maven.apache.org/surefire/maven-surefire-plugin/xsd/surefire-test-report.xsd" name="com.qa.automate.healthcare.tests.LoginTest" time="44.768" tests="1" errors="0" skipped="0" failures="1">
  <properties>
[...]
</properties>
  <testcase name="login" classname="com.qa.automate.healthcare.tests.LoginTest" time="3.615">
    <failure type="java.lang.NullPointerException">java.lang.NullPointerException
	at com.qa.automate.healthcare.tests.LoginTest.login(LoginTest.java:14)
</failure>
    <system-err><![CDATA[Starting ChromeDriver 80.0.3987.106 (f68069574609230cf9b635cd784cfb1bf81bb53a-refs/branch-heads/3987@{#882}) on port 26163
Only local connections are allowed.
Please protect ports used by ChromeDriver and related test frameworks to prevent access by malicious code.
Sep 25, 2020 9:34:34 PM org.openqa.selenium.remote.ProtocolHandshake createSession
INFO: Detected dialect: W3C
[1601049878.150][SEVERE]: Timed out receiving message from renderer: 0.100
[1601049878.309][SEVERE]: Timed out receiving message from renderer: 0.100
[1601049878.502][SEVERE]: Timed out receiving message from renderer: 0.100
[1601049878.644][SEVERE]: Timed out receiving message from renderer: 0.100
[1601049878.747][SEVERE]: Timed out receiving message from renderer: 0.100
[1601049878.849][SEVERE]: Timed out receiving message from renderer: 0.100
[1601049878.960][SEVERE]: Timed out receiving message from renderer: 0.100
[1601049879.070][SEVERE]: Timed out receiving message from renderer: 0.100
[1601049879.175][SEVERE]: Timed out receiving message from renderer: 0.100
[1601049879.280][SEVERE]: Timed out receiving message from renderer: 0.100
[1601049879.390][SEVERE]: Timed out receiving message from renderer: 0.100
[1601049879.561][SEVERE]: Timed out receiving message from renderer: 0.100
[1601049879.663][SEVERE]: Timed out receiving message from renderer: 0.100
[1601049879.773][SEVERE]: Timed out receiving message from renderer: 0.100
[1601049879.875][SEVERE]: Timed out receiving message from renderer: 0.100
[1601049879.978][SEVERE]: Timed out receiving message from renderer: 0.100
[1601049880.080][SEVERE]: Timed out receiving message from renderer: 0.100
[1601049880.183][SEVERE]: Timed out receiving message from renderer: 0.100
[1601049880.286][SEVERE]: Timed out receiving message from renderer: 0.100
[1601049880.392][SEVERE]: Timed out receiving message from renderer: 0.100
[1601049880.497][SEVERE]: Timed out receiving message from renderer: 0.100
[1601049880.601][SEVERE]: Timed out receiving message from renderer: 0.100
[1601049880.704][SEVERE]: Timed out receiving message from renderer: 0.100
[1601049880.811][SEVERE]: Timed out receiving message from renderer: 0.100
[1601049880.931][SEVERE]: Timed out receiving message from renderer: 0.100
[1601049881.038][SEVERE]: Timed out receiving message from renderer: 0.100
[1601049881.151][SEVERE]: Timed out receiving message from renderer: 0.100
[1601049881.253][SEVERE]: Timed out receiving message from renderer: 0.100
[1601049881.359][SEVERE]: Timed out receiving message from renderer: 0.100
[1601049881.462][SEVERE]: Timed out receiving message from renderer: 0.100
[1601049881.565][SEVERE]: Timed out receiving message from renderer: 0.100
[1601049881.676][SEVERE]: Timed out receiving message from renderer: 0.100
[1601049881.780][SEVERE]: Timed out receiving message from renderer: 0.100
[1601049881.884][SEVERE]: Timed out receiving message from renderer: 0.100
[1601049882.002][SEVERE]: Timed out receiving message from renderer: 0.100
[1601049882.105][SEVERE]: Timed out receiving message from renderer: 0.100
[1601049882.213][SEVERE]: Timed out receiving message from renderer: 0.100
[1601049882.315][SEVERE]: Timed out receiving message from renderer: 0.100
[1601049882.416][SEVERE]: Timed out receiving message from renderer: 0.100
[1601049882.518][SEVERE]: Timed out receiving message from renderer: 0.100
[1601049882.628][SEVERE]: Timed out receiving message from renderer: 0.100
[1601049882.731][SEVERE]: Timed out receiving message from renderer: 0.100
[1601049882.833][SEVERE]: Timed out receiving message from renderer: 0.100
[1601049882.935][SEVERE]: Timed out receiving message from renderer: 0.100
[1601049883.041][SEVERE]: Timed out receiving message from renderer: 0.100
[1601049883.406][SEVERE]: Timed out receiving message from renderer: 0.100
[1601049883.725][SEVERE]: Timed out receiving message from renderer: 0.100
[1601049883.828][SEVERE]: Timed out receiving message from renderer: 0.100
[1601049883.946][SEVERE]: Timed out receiving message from renderer: 0.100
[1601049884.061][SEVERE]: Timed out receiving message from renderer: 0.100
[1601049884.167][SEVERE]: Timed out receiving message from renderer: 0.100
[1601049884.284][SEVERE]: Timed out receiving message from renderer: 0.100
[1601049884.413][SEVERE]: Timed out receiving message from renderer: 0.100
[1601049884.526][SEVERE]: Timed out receiving message from renderer: 0.100
[1601049884.647][SEVERE]: Timed out receiving message from renderer: 0.100
[1601049884.792][SEVERE]: Timed out receiving message from renderer: 0.100
[1601049884.899][SEVERE]: Timed out receiving message from renderer: 0.100
[1601049885.004][SEVERE]: Timed out receiving message from renderer: 0.100
[1601049885.111][SEVERE]: Timed out receiving message from renderer: 0.100
[1601049885.216][SEVERE]: Timed out receiving message from renderer: 0.100
[1601049885.321][SEVERE]: Timed out receiving message from renderer: 0.100
[1601049885.431][SEVERE]: Timed out receiving message from renderer: 0.100
[1601049885.535][SEVERE]: Timed out receiving message from renderer: 0.100
[1601049885.640][SEVERE]: Timed out receiving message from renderer: 0.100
[1601049885.747][SEVERE]: Timed out receiving message from renderer: 0.100
[1601049885.864][SEVERE]: Timed out receiving message from renderer: 0.100
[1601049885.976][SEVERE]: Timed out receiving message from renderer: 0.100
[1601049886.149][SEVERE]: Timed out receiving message from renderer: 0.100
[1601049886.352][SEVERE]: Timed out receiving message from renderer: 0.100
[1601049886.458][SEVERE]: Timed out receiving message from renderer: 0.100
[1601049886.563][SEVERE]: Timed out receiving message from renderer: 0.100
[1601049886.668][SEVERE]: Timed out receiving message from renderer: 0.100
[1601049886.776][SEVERE]: Timed out receiving message from renderer: 0.100
[1601049886.881][SEVERE]: Timed out receiving message from renderer: 0.100
[1601049886.986][SEVERE]: Timed out receiving message from renderer: 0.100
[1601049887.091][SEVERE]: Timed out receiving message from renderer: 0.100
[1601049887.196][SEVERE]: Timed out receiving message from renderer: 0.100
[1601049887.311][SEVERE]: Timed out receiving message from renderer: 0.100
[1601049887.429][SEVERE]: Timed out receiving message from renderer: 0.100
[1601049887.551][SEVERE]: Timed out receiving message from renderer: 0.100
[1601049887.657][SEVERE]: Timed out receiving message from renderer: 0.100
[1601049887.779][SEVERE]: Timed out receiving message from renderer: 0.100
[1601049887.884][SEVERE]: Timed out receiving message from renderer: 0.100
[1601049887.989][SEVERE]: Timed out receiving message from renderer: 0.100
[1601049888.127][SEVERE]: Timed out receiving message from renderer: 0.100
[1601049888.277][SEVERE]: Timed out receiving message from renderer: 0.100
[1601049888.392][SEVERE]: Timed out receiving message from renderer: 0.100
[1601049888.497][SEVERE]: Timed out receiving message from renderer: 0.100
[1601049888.599][SEVERE]: Timed out receiving message from renderer: 0.100
[1601049888.703][SEVERE]: Timed out receiving message from renderer: 0.100
[1601049888.809][SEVERE]: Timed out receiving message from renderer: 0.100
[1601049888.912][SEVERE]: Timed out receiving message from renderer: 0.100
[1601049889.015][SEVERE]: Timed out receiving message from renderer: 0.100
[1601049889.118][SEVERE]: Timed out receiving message from renderer: 0.100
[1601049889.222][SEVERE]: Timed out receiving message from renderer: 0.100
[1601049889.330][SEVERE]: Timed out receiving message from renderer: 0.100
[1601049889.448][SEVERE]: Timed out receiving message from renderer: 0.100
[1601049889.553][SEVERE]: Timed out receiving message from renderer: 0.100
[1601049889.670][SEVERE]: Timed out receiving message from renderer: 0.100
[1601049889.774][SEVERE]: Timed out receiving message from renderer: 0.100
[1601049889.879][SEVERE]: Timed out receiving message from renderer: 0.100
[1601049889.982][SEVERE]: Timed out receiving message from renderer: 0.100
[1601049890.105][SEVERE]: Timed out receiving message from renderer: 0.100
[1601049890.325][SEVERE]: Timed out receiving message from renderer: 0.100
[1601049890.431][SEVERE]: Timed out receiving message from renderer: 0.100
[1601049890.536][SEVERE]: Timed out receiving message from renderer: 0.100
[1601049890.642][SEVERE]: Timed out receiving message from renderer: 0.100
[1601049890.744][SEVERE]: Timed out receiving message from renderer: 0.100
[1601049890.850][SEVERE]: Timed out receiving message from renderer: 0.100
[1601049891.040][SEVERE]: Timed out receiving message from renderer: 0.100
[1601049891.191][SEVERE]: Timed out receiving message from renderer: 0.100
[1601049891.297][SEVERE]: Timed out receiving message from renderer: 0.100
[1601049891.400][SEVERE]: Timed out receiving message from renderer: 0.100
[1601049891.503][SEVERE]: Timed out receiving message from renderer: 0.100
[1601049891.608][SEVERE]: Timed out receiving message from renderer: 0.100
[1601049891.712][SEVERE]: Timed out receiving message from renderer: 0.100
[1601049891.817][SEVERE]: Timed out receiving message from renderer: 0.100
[1601049891.926][SEVERE]: Timed out receiving message from renderer: 0.100
[1601049892.029][SEVERE]: Timed out receiving message from renderer: 0.100
[1601049892.131][SEVERE]: Timed out receiving message from renderer: 0.100
[1601049892.267][SEVERE]: Timed out receiving message from renderer: 0.100
[1601049892.489][SEVERE]: Timed out receiving message from renderer: 0.100
[1601049892.596][SEVERE]: Timed out receiving message from renderer: 0.100
[1601049892.701][SEVERE]: Timed out receiving message from renderer: 0.100
[1601049892.803][SEVERE]: Timed out receiving message from renderer: 0.100
[1601049892.908][SEVERE]: Timed out receiving message from renderer: 0.100
[1601049893.010][SEVERE]: Timed out receiving message from renderer: 0.100
[1601049893.114][SEVERE]: Timed out receiving message from renderer: 0.100
[1601049893.217][SEVERE]: Timed out receiving message from renderer: 0.100
[1601049893.319][SEVERE]: Timed out receiving message from renderer: 0.100
[1601049893.425][SEVERE]: Timed out receiving message from renderer: 0.100
[1601049893.535][SEVERE]: Timed out receiving message from renderer: 0.100
[1601049893.638][SEVERE]: Timed out receiving message from renderer: 0.100
[1601049893.742][SEVERE]: Timed out receiving message from renderer: 0.100
[1601049893.958][SEVERE]: Timed out receiving message from renderer: 0.100
[1601049894.063][SEVERE]: Timed out receiving message from renderer: 0.100
[1601049894.198][SEVERE]: Timed out receiving message from renderer: 0.100
[1601049894.320][SEVERE]: Timed out receiving message from renderer: 0.100
[1601049894.428][SEVERE]: Timed out receiving message from renderer: 0.100
[1601049894.533][SEVERE]: Timed out receiving message from renderer: 0.100
[1601049894.635][SEVERE]: Timed out receiving message from renderer: 0.100
[1601049894.738][SEVERE]: Timed out receiving message from renderer: 0.100
[1601049894.843][SEVERE]: Timed out receiving message from renderer: 0.100
[1601049894.946][SEVERE]: Timed out receiving message from renderer: 0.100
[1601049895.050][SEVERE]: Timed out receiving message from renderer: 0.100
[1601049895.166][SEVERE]: Timed out receiving message from renderer: 0.100
[1601049895.305][SEVERE]: Timed out receiving message from renderer: 0.100
[1601049895.419][SEVERE]: Timed out receiving message from renderer: 0.100
[1601049895.525][SEVERE]: Timed out receiving message from renderer: 0.100
[1601049895.649][SEVERE]: Timed out receiving message from renderer: 0.100
[1601049895.762][SEVERE]: Timed out receiving message from renderer: 0.100
[1601049895.864][SEVERE]: Timed out receiving message from renderer: 0.100
[1601049895.981][SEVERE]: Timed out receiving message from renderer: 0.100
[1601049896.091][SEVERE]: Timed out receiving message from renderer: 0.100
[1601049896.197][SEVERE]: Timed out receiving message from renderer: 0.100
[1601049896.300][SEVERE]: Timed out receiving message from renderer: 0.100
[1601049896.430][SEVERE]: Timed out receiving message from renderer: 0.100
[1601049896.533][SEVERE]: Timed out receiving message from renderer: 0.100
[1601049896.640][SEVERE]: Timed out receiving message from renderer: 0.100
[1601049896.749][SEVERE]: Timed out receiving message from renderer: 0.100
[1601049896.870][SEVERE]: Timed out receiving message from renderer: 0.100
[1601049898.165][SEVERE]: Timed out receiving message from renderer: 0.100
[1601049898.831][SEVERE]: Timed out receiving message from renderer: 0.100
[1601049899.294][SEVERE]: Timed out receiving message from renderer: 0.100
[1601049899.620][SEVERE]: Timed out receiving message from renderer: 0.100
[1601049899.723][SEVERE]: Timed out receiving message from renderer: 0.100
[1601049899.825][SEVERE]: Timed out receiving message from renderer: 0.100
[1601049899.928][SEVERE]: Timed out receiving message from renderer: 0.100
[1601049900.140][SEVERE]: Timed out receiving message from renderer: 0.100
[1601049900.280][SEVERE]: Timed out receiving message from renderer: 0.100
[1601049900.392][SEVERE]: Timed out receiving message from renderer: 0.100
[1601049900.559][SEVERE]: Timed out receiving message from renderer: 0.100
[1601049900.664][SEVERE]: Timed out receiving message from renderer: 0.100
[1601049900.766][SEVERE]: Timed out receiving message from renderer: 0.100
[1601049901.221][SEVERE]: Timed out receiving message from renderer: 0.100
[1601049901.326][SEVERE]: Timed out receiving message from renderer: 0.100
[1601049901.429][SEVERE]: Timed out receiving message from renderer: 0.100
[1601049904.292][SEVERE]: Timed out receiving message from renderer: 0.100
[1601049904.396][SEVERE]: Timed out receiving message from renderer: 0.100
[1601049904.546][SEVERE]: Timed out receiving message from renderer: 0.100
[1601049904.649][SEVERE]: Timed out receiving message from renderer: 0.100
[1601049904.751][SEVERE]: Timed out receiving message from renderer: 0.100
[1601049904.856][SEVERE]: Timed out receiving message from renderer: 0.100
[1601049904.961][SEVERE]: Timed out receiving message from renderer: 0.100
[1601049905.064][SEVERE]: Timed out receiving message from renderer: 0.100
[1601049905.173][SEVERE]: Timed out receiving message from renderer: 0.100
[1601049905.318][SEVERE]: Timed out receiving message from renderer: 0.100
[1601049905.568][SEVERE]: Timed out receiving message from renderer: 0.100
[1601049905.695][SEVERE]: Timed out receiving message from renderer: 0.100
[1601049905.842][SEVERE]: Timed out receiving message from renderer: 0.100
[1601049905.954][SEVERE]: Timed out receiving message from renderer: 0.100
[1601049906.060][SEVERE]: Timed out receiving message from renderer: 0.100
[1601049906.166][SEVERE]: Timed out receiving message from renderer: 0.100
[1601049906.269][SEVERE]: Timed out receiving message from renderer: 0.100
[1601049906.413][SEVERE]: Timed out receiving message from renderer: 0.100
[1601049906.517][SEVERE]: Timed out receiving message from renderer: 0.100
[1601049906.619][SEVERE]: Timed out receiving message from renderer: 0.100
[1601049906.937][SEVERE]: Timed out receiving message from renderer: 0.100
[1601049907.052][SEVERE]: Timed out receiving message from renderer: 0.100
[1601049907.164][SEVERE]: Timed out receiving message from renderer: 0.100
[1601049907.272][SEVERE]: Timed out receiving message from renderer: 0.100
[1601049907.383][SEVERE]: Timed out receiving message from renderer: 0.100
]]></system-err>
  </testcase>
</testsuite>