<?xml version="1.0" encoding="UTF-8"?>
<testng-results skipped="0" failed="1" ignored="0" total="1" passed="0">
  <reporter-output>
    <line>
      <![CDATA[Test:login is fail]]>
    </line>
    <line>
      <![CDATA[.\photo\Fri Sep 25 21_35_11 IST 2020.png (The system cannot find the path specified)]]>
    </line>
    <line>
      <![CDATA[Testloginstatus fail]]>
    </line>
    <line>
      <![CDATA[Photo:./photo/Fri Sep 25 21_35_11 IST 2020.png]]>
    </line>
  </reporter-output>
  <suite name="Surefire suite" duration-ms="42902" started-at="2020-09-25T16:04:30Z" finished-at="2020-09-25T16:05:13Z">
    <groups>
    </groups>
    <test name="Surefire test" duration-ms="42902" started-at="2020-09-25T16:04:30Z" finished-at="2020-09-25T16:05:13Z">
      <class name="com.qa.automate.healthcare.tests.LoginTest">
        <test-method status="PASS" signature="openApp(java.lang.String, java.lang.String)[pri:0, instance:com.qa.automate.healthcare.tests.LoginTest@4157f54e]" name="openApp" is-config="true" duration-ms="37219" started-at="2020-09-25T16:04:30Z" finished-at="2020-09-25T16:05:07Z">
          <params>
            <param index="0">
              <value>
                <![CDATA[localhost]]>
              </value>
            </param>
            <param index="1">
              <value>
                <![CDATA[chrome]]>
              </value>
            </param>
          </params>
          <reporter-output>
          </reporter-output>
        </test-method> <!-- openApp -->
        <test-method status="FAIL" signature="login()[pri:0, instance:com.qa.automate.healthcare.tests.LoginTest@4157f54e]" name="login" duration-ms="3585" started-at="2020-09-25T16:05:07Z" finished-at="2020-09-25T16:05:10Z">
          <exception class="java.lang.NullPointerException">
            <full-stacktrace>
              <![CDATA[java.lang.NullPointerException
at com.qa.automate.healthcare.pages.LoginPage.clickTravelLink(LoginPage.java:49)
at com.qa.automate.healthcare.tests.LoginTest.login(LoginTest.java:14)
at sun.reflect.NativeMethodAccessorImpl.invoke0(Native Method)
at sun.reflect.NativeMethodAccessorImpl.invoke(NativeMethodAccessorImpl.java:62)
at sun.reflect.DelegatingMethodAccessorImpl.invoke(DelegatingMethodAccessorImpl.java:43)
at java.lang.reflect.Method.invoke(Method.java:498)
at org.testng.internal.MethodInvocationHelper.invokeMethod(MethodInvocationHelper.java:124)
at org.testng.internal.Invoker.invokeMethod(Invoker.java:583)
at org.testng.internal.Invoker.invokeTestMethod(Invoker.java:719)
at org.testng.internal.Invoker.invokeTestMethods(Invoker.java:989)
at org.testng.internal.TestMethodWorker.invokeTestMethods(TestMethodWorker.java:125)
at org.testng.internal.TestMethodWorker.run(TestMethodWorker.java:109)
at org.testng.TestRunner.privateRun(TestRunner.java:648)
at org.testng.TestRunner.run(TestRunner.java:505)
at org.testng.SuiteRunner.runTest(SuiteRunner.java:455)
at org.testng.SuiteRunner.runSequentially(SuiteRunner.java:450)
at org.testng.SuiteRunner.privateRun(SuiteRunner.java:415)
at org.testng.SuiteRunner.run(SuiteRunner.java:364)
at org.testng.SuiteRunnerWorker.runSuite(SuiteRunnerWorker.java:52)
at org.testng.SuiteRunnerWorker.run(SuiteRunnerWorker.java:84)
at org.testng.TestNG.runSuitesSequentially(TestNG.java:1208)
at org.testng.TestNG.runSuitesLocally(TestNG.java:1137)
at org.testng.TestNG.runSuites(TestNG.java:1049)
at org.testng.TestNG.run(TestNG.java:1017)
at org.apache.maven.surefire.testng.TestNGExecutor.run(TestNGExecutor.java:135)
at org.apache.maven.surefire.testng.TestNGDirectoryTestSuite.executeSingleClass(TestNGDirectoryTestSuite.java:112)
at org.apache.maven.surefire.testng.TestNGDirectoryTestSuite.execute(TestNGDirectoryTestSuite.java:99)
at org.apache.maven.surefire.testng.TestNGProvider.invoke(TestNGProvider.java:146)
at org.apache.maven.surefire.booter.ForkedBooter.invokeProviderInSameClassLoader(ForkedBooter.java:384)
at org.apache.maven.surefire.booter.ForkedBooter.runSuitesInProcess(ForkedBooter.java:345)
at org.apache.maven.surefire.booter.ForkedBooter.execute(ForkedBooter.java:126)
at org.apache.maven.surefire.booter.ForkedBooter.main(ForkedBooter.java:418)
]]>
            </full-stacktrace>
          </exception> <!-- java.lang.NullPointerException -->
          <reporter-output>
            <line>
              <![CDATA[Test:login is fail]]>
            </line>
          </reporter-output>
        </test-method> <!-- login -->
        <test-method status="PASS" signature="closeApp(org.testng.ITestResult)[pri:0, instance:com.qa.automate.healthcare.tests.LoginTest@4157f54e]" name="closeApp" is-config="true" duration-ms="2037" started-at="2020-09-25T16:05:11Z" finished-at="2020-09-25T16:05:13Z">
          <params>
            <param index="0">
              <value>
                <![CDATA[[TestResult name=login status=FAILURE method=LoginTest.login()[pri:0, instance:com.qa.automate.healthcare.tests.LoginTest@4157f54e] output=Test:login is fail]]]>
              </value>
            </param>
          </params>
          <reporter-output>
            <line>
              <![CDATA[.\photo\Fri Sep 25 21_35_11 IST 2020.png (The system cannot find the path specified)]]>
            </line>
            <line>
              <![CDATA[Testloginstatus fail]]>
            </line>
            <line>
              <![CDATA[Photo:./photo/Fri Sep 25 21_35_11 IST 2020.png]]>
            </line>
          </reporter-output>
        </test-method> <!-- closeApp -->
      </class> <!-- com.qa.automate.healthcare.tests.LoginTest -->
    </test> <!-- Surefire test -->
  </suite> <!-- Surefire suite -->
</testng-results>
