<?xml version="1.0" encoding="UTF-8"?>
<testng-results skipped="1" failed="0" ignored="0" total="2" passed="1">
  <reporter-output>
    <line>
      <![CDATA[Test:email is skipped]]>
    </line>
    <line>
      <![CDATA[Test:verifyEmailField is pass]]>
    </line>
    <line>
      <![CDATA[TestverifyEmailFieldstatus pass]]>
    </line>
  </reporter-output>
  <suite name="Default suite" duration-ms="59711" started-at="2020-10-21T04:27:00Z" finished-at="2020-10-21T04:28:00Z">
    <groups>
    </groups>
    <test name="Default test" duration-ms="59711" started-at="2020-10-21T04:27:00Z" finished-at="2020-10-21T04:28:00Z">
      <class name="com.qa.automate.healthcare.tests.RegisterTest">
        <test-method status="SKIP" signature="email(java.lang.String)[pri:0, instance:com.qa.automate.healthcare.tests.RegisterTest@e25b2fe]" name="email" duration-ms="0" started-at="2020-10-21T04:27:01Z" data-provider="getRegister" finished-at="2020-10-21T04:27:01Z">
          <exception class="java.lang.RuntimeException">
            <message>
              <![CDATA[java.lang.NullPointerException]]>
            </message>
            <full-stacktrace>
              <![CDATA[java.lang.RuntimeException: java.lang.NullPointerException
at org.testng.internal.MethodInvocationHelper.invokeMethodNoCheckedException(MethodInvocationHelper.java:49)
at org.testng.internal.MethodInvocationHelper.invokeDataProvider(MethodInvocationHelper.java:131)
at org.testng.internal.Parameters.handleParameters(Parameters.java:706)
at org.testng.internal.ParameterHandler.handleParameters(ParameterHandler.java:49)
at org.testng.internal.ParameterHandler.createParameters(ParameterHandler.java:37)
at org.testng.internal.Invoker.invokeTestMethods(Invoker.java:924)
at org.testng.internal.TestMethodWorker.invokeTestMethods(TestMethodWorker.java:125)
at org.testng.internal.TestMethodWorker.run(TestMethodWorker.java:109)
at org.testng.TestRunner.privateRun(TestRunner.java:648)
at org.testng.TestRunner.run(TestRunner.java:505)
at org.testng.SuiteRunner.runTest(SuiteRunner.java:455)
at org.testng.SuiteRunner.runSequentially(SuiteRunner.java:450)
at org.testng.SuiteRunner.privateRun(SuiteRunner.java:415)
at org.testng.SuiteRunner.run(SuiteRunner.java:364)
at org.testng.SuiteRunnerWorker.runSuite(SuiteRunnerWorker.java:52)
at org.testng.SuiteRunnerWorker.run(SuiteRunnerWorker.java:84)
at org.testng.TestNG.runSuitesSequentially(TestNG.java:1208)
at org.testng.TestNG.runSuitesLocally(TestNG.java:1137)
at org.testng.TestNG.runSuites(TestNG.java:1049)
at org.testng.TestNG.run(TestNG.java:1017)
at org.testng.remote.AbstractRemoteTestNG.run(AbstractRemoteTestNG.java:114)
at org.testng.remote.RemoteTestNG.initAndRun(RemoteTestNG.java:251)
at org.testng.remote.RemoteTestNG.main(RemoteTestNG.java:77)
Caused by: java.lang.NullPointerException
at com.qa.automate.healthcare.base.Utility.gettestdata(Utility.java:144)
at com.qa.automate.healthcare.tests.RegisterTest.getRegister(RegisterTest.java:17)
at sun.reflect.NativeMethodAccessorImpl.invoke0(Native Method)
at sun.reflect.NativeMethodAccessorImpl.invoke(NativeMethodAccessorImpl.java:62)
at sun.reflect.DelegatingMethodAccessorImpl.invoke(DelegatingMethodAccessorImpl.java:43)
at java.lang.reflect.Method.invoke(Method.java:498)
at org.testng.internal.MethodInvocationHelper.invokeMethod(MethodInvocationHelper.java:124)
at org.testng.internal.MethodInvocationHelper.invokeMethod(MethodInvocationHelper.java:74)
at org.testng.internal.MethodInvocationHelper.invokeMethodNoCheckedException(MethodInvocationHelper.java:45)
... 22 more
]]>
            </full-stacktrace>
          </exception> <!-- java.lang.RuntimeException -->
          <reporter-output>
          </reporter-output>
        </test-method> <!-- email -->
        <test-method status="PASS" signature="openApp(java.lang.String, java.lang.String)[pri:0, instance:com.qa.automate.healthcare.tests.RegisterTest@e25b2fe]" name="openApp" is-config="true" duration-ms="44112" started-at="2020-10-21T04:27:01Z" finished-at="2020-10-21T04:27:46Z">
          <params>
            <param index="0">
              <value>
                <![CDATA[localhost]]>
              </value>
            </param>
            <param index="1">
              <value>
                <![CDATA[chrome]]>
              </value>
            </param>
          </params>
          <reporter-output>
          </reporter-output>
        </test-method> <!-- openApp -->
        <test-method status="PASS" signature="verifyEmailField()[pri:0, instance:com.qa.automate.healthcare.tests.RegisterTest@e25b2fe]" name="verifyEmailField" duration-ms="13671" started-at="2020-10-21T04:27:46Z" finished-at="2020-10-21T04:27:59Z">
          <reporter-output>
            <line>
              <![CDATA[Test:verifyEmailField is pass]]>
            </line>
          </reporter-output>
        </test-method> <!-- verifyEmailField -->
        <test-method status="PASS" signature="closeApp(org.testng.ITestResult)[pri:0, instance:com.qa.automate.healthcare.tests.RegisterTest@e25b2fe]" name="closeApp" is-config="true" duration-ms="784" started-at="2020-10-21T04:27:59Z" finished-at="2020-10-21T04:28:00Z">
          <params>
            <param index="0">
              <value>
                <![CDATA[[TestResult name=verifyEmailField status=SUCCESS method=RegisterTest.verifyEmailField()[pri:0, instance:com.qa.automate.healthcare.tests.RegisterTest@e25b2fe] output=Test:verifyEmailField is pass]]]>
              </value>
            </param>
          </params>
          <reporter-output>
            <line>
              <![CDATA[TestverifyEmailFieldstatus pass]]>
            </line>
          </reporter-output>
        </test-method> <!-- closeApp -->
      </class> <!-- com.qa.automate.healthcare.tests.RegisterTest -->
    </test> <!-- Default test -->
  </suite> <!-- Default suite -->
</testng-results>
